0 info it worked if it ends with ok
1 verbose cli [ 'C:\\Program Files (x86)\\nodejs\\node.exe',
1 verbose cli   'C:\\Users\\appveyor\\AppData\\Roaming\\npm\\node_modules\\npm\\bin\\npm-cli.js',
1 verbose cli   'publish',
1 verbose cli   '--tag',
1 verbose cli   'lerna-temp' ]
2 info using npm@3.10.10
3 info using node@v4.7.2
4 verbose publish [ '.' ]
5 silly cache add args [ '.', null ]
6 verbose cache add spec .
7 silly cache add parsed spec Result {
7 silly cache add   raw: '.',
7 silly cache add   scope: null,
7 silly cache add   escapedName: null,
7 silly cache add   name: null,
7 silly cache add   rawSpec: '.',
7 silly cache add   spec: 'C:\\projects\\react-data-grid\\packages\\react-data-grid-addons',
7 silly cache add   type: 'directory' }
8 verbose addLocalDirectory C:\Users\appveyor\AppData\Roaming\npm-cache\react-data-grid-addons\2.0.1\package.tgz not in flight; packing
9 verbose correctMkdir C:\Users\appveyor\AppData\Roaming\npm-cache correctMkdir not in flight; initializing
10 info lifecycle react-data-grid-addons@2.0.1~prepublish: react-data-grid-addons@2.0.1
11 silly lifecycle react-data-grid-addons@2.0.1~prepublish: no script for prepublish, continuing
12 verbose tar pack [ 'C:\\Users\\appveyor\\AppData\\Roaming\\npm-cache\\react-data-grid-addons\\2.0.1\\package.tgz',
12 verbose tar pack   'C:\\projects\\react-data-grid\\packages\\react-data-grid-addons' ]
13 verbose tarball C:\Users\appveyor\AppData\Roaming\npm-cache\react-data-grid-addons\2.0.1\package.tgz
14 verbose folder C:\projects\react-data-grid\packages\react-data-grid-addons
15 verbose addLocalTarball adding from inside cache C:\Users\appveyor\AppData\Roaming\npm-cache\react-data-grid-addons\2.0.1\package.tgz
16 verbose correctMkdir C:\Users\appveyor\AppData\Roaming\npm-cache correctMkdir not in flight; initializing
17 silly cache afterAdd react-data-grid-addons@2.0.1
18 verbose afterAdd C:\Users\appveyor\AppData\Roaming\npm-cache\react-data-grid-addons\2.0.1\package\package.json not in flight; writing
19 verbose correctMkdir C:\Users\appveyor\AppData\Roaming\npm-cache correctMkdir not in flight; initializing
20 verbose afterAdd C:\Users\appveyor\AppData\Roaming\npm-cache\react-data-grid-addons\2.0.1\package\package.json written
21 silly publish { name: 'react-data-grid-addons',
21 silly publish   version: '2.0.1',
21 silly publish   description: 'A set of addons for react-data-grid',
21 silly publish   scripts:
21 silly publish    { beforepublish: 'node ../../ci/publish/replacePackageEntry react-data-grid-addons true',
21 silly publish      postpublish: 'node ../../ci/publish/replacePackageEntry react-data-grid-addons',
21 silly publish      test: 'npm test' },
21 silly publish   keywords: [ 'react', 'react-data-grid', 'react-data-grid-addons' ],
21 silly publish   author: { name: 'Adazzle' },
21 silly publish   license: 'MIT',
21 silly publish   dependencies: { 'react-data-grid': '^2.0.1' },
21 silly publish   devDependencies:
21 silly publish    { jquery: '^2.1.1',
21 silly publish      lodash: '^4.13.1',
21 silly publish      'lodash.groupby': '^4.5.1' },
21 silly publish   readme: '# react-data-grid-addons\n\n> A set of addons for react-data-grid with things like editors, formatters, toolbars, filters..\n \n\n## Install\n\n```sh\nnpm install --save react-data-grid-addons\n```\n\n## Usage \n\n```sh\nimport { Editors, Formatters } from \'react-data-grid-addons\';\nconst { DropDownEditor } = Editors;\nconst { DropDownFormatter } = Formatters\n\nconst titles = [\'Dr.\', \'Mr.\', \'Mrs.\', \'Miss\', \'Ms.\'];\nconst columns = [\n  ...\n  { \n    key: \'titles\',\n    name: \'Titles\',\n    editor: <DropDownEditor options={titles} />,\n    formatter: DropDownFormatter \n  },\n  ...\n];\n\n```\n\n## Exports\nThis package exports:\n\nname                   | source                                     |\n-----------------------|--------------------------------------------|\nEditors                | [Editors](./src/editors)                   |\nFormatters             | [Formatters](./src/Formatters)             |\nToolbar                | [Toolbar](./src/toolbars/Toolbar.js)       |\nToolsPanel             | [ToolsPanelCell](./src/toolbars)           |\nData                   | [Data](./src/data)                         |\nMenu                   | [Menu](./src/menu)                         |\nDraggable              | [Draggable](./src/draggable)               |\nFilters                | [Filters](./src/cells/headerCells/filters) |\n',
21 silly publish   readmeFilename: 'README.md',
21 silly publish   _id: 'react-data-grid-addons@2.0.1',
21 silly publish   _shasum: 'b5a2c257cb1f8f1dc301287a4067a1fb5d49a331',
21 silly publish   _from: '.' }
22 verbose getPublishConfig undefined
23 silly mapToRegistry name react-data-grid-addons
24 silly mapToRegistry using default registry
25 silly mapToRegistry registry https://registry.npmjs.org/
26 silly mapToRegistry data Result {
26 silly mapToRegistry   raw: 'react-data-grid-addons',
26 silly mapToRegistry   scope: null,
26 silly mapToRegistry   escapedName: 'react-data-grid-addons',
26 silly mapToRegistry   name: 'react-data-grid-addons',
26 silly mapToRegistry   rawSpec: '',
26 silly mapToRegistry   spec: 'latest',
26 silly mapToRegistry   type: 'tag' }
27 silly mapToRegistry uri https://registry.npmjs.org/react-data-grid-addons
28 verbose publish registryBase https://registry.npmjs.org/
29 silly publish uploading C:\Users\appveyor\AppData\Roaming\npm-cache\react-data-grid-addons\2.0.1\package.tgz
30 verbose request uri https://registry.npmjs.org/react-data-grid-addons
31 verbose request sending authorization for write operation
32 info attempt registry request try #1 at 5:38:49 PM
33 verbose request using bearer token for auth
34 verbose request id 15e86d1a546331fa
35 http request PUT https://registry.npmjs.org/react-data-grid-addons
36 http 403 https://registry.npmjs.org/react-data-grid-addons
37 verbose headers { 'content-type': 'application/json',
37 verbose headers   'cache-control': 'max-age=300',
37 verbose headers   'content-length': '95',
37 verbose headers   'accept-ranges': 'bytes',
37 verbose headers   date: 'Tue, 24 Jan 2017 17:38:50 GMT',
37 verbose headers   via: '1.1 varnish',
37 verbose headers   connection: 'keep-alive',
37 verbose headers   'x-served-by': 'cache-dfw1820-DFW',
37 verbose headers   'x-cache': 'MISS',
37 verbose headers   'x-cache-hits': '0',
37 verbose headers   'x-timer': 'S1485279529.228327,VS0,VE993',
37 verbose headers   vary: 'Accept-Encoding' }
38 verbose request invalidating C:\Users\appveyor\AppData\Roaming\npm-cache\registry.npmjs.org\react-data-grid-addons on PUT
39 error publish Failed PUT 403
40 verbose stack Error: "You cannot publish over the previously published version 2.0.1." : react-data-grid-addons
40 verbose stack     at makeError (C:\Users\appveyor\AppData\Roaming\npm\node_modules\npm\node_modules\npm-registry-client\lib\request.js:302:12)
40 verbose stack     at CachingRegistryClient.<anonymous> (C:\Users\appveyor\AppData\Roaming\npm\node_modules\npm\node_modules\npm-registry-client\lib\request.js:290:14)
40 verbose stack     at Request._callback (C:\Users\appveyor\AppData\Roaming\npm\node_modules\npm\node_modules\npm-registry-client\lib\request.js:210:14)
40 verbose stack     at Request.self.callback (C:\Users\appveyor\AppData\Roaming\npm\node_modules\npm\node_modules\request\request.js:187:22)
40 verbose stack     at emitTwo (events.js:87:13)
40 verbose stack     at Request.emit (events.js:172:7)
40 verbose stack     at Request.<anonymous> (C:\Users\appveyor\AppData\Roaming\npm\node_modules\npm\node_modules\request\request.js:1048:10)
40 verbose stack     at emitOne (events.js:77:13)
40 verbose stack     at Request.emit (events.js:169:7)
40 verbose stack     at IncomingMessage.<anonymous> (C:\Users\appveyor\AppData\Roaming\npm\node_modules\npm\node_modules\request\request.js:969:12)
41 verbose statusCode 403
42 verbose pkgid react-data-grid-addons
43 verbose cwd C:\projects\react-data-grid\packages\react-data-grid-addons
44 error Windows_NT 6.3.9600
45 error argv "C:\\Program Files (x86)\\nodejs\\node.exe" "C:\\Users\\appveyor\\AppData\\Roaming\\npm\\node_modules\\npm\\bin\\npm-cli.js" "publish" "--tag" "lerna-temp"
46 error node v4.7.2
47 error npm  v3.10.10
48 error code E403
49 error "You cannot publish over the previously published version 2.0.1." : react-data-grid-addons
50 error If you need help, you may report this error at:
50 error     <https://github.com/npm/npm/issues>
51 verbose exit [ 1, true ]
